<?xml version="1.0" encoding="UTF-8"?>
<!-- Generated by org.testng.reporters.JUnitXMLReporter -->
<testsuite ignored="8" hostname="BLR-C4S63F3" failures="1" tests="3" name="Test1" time="10.253" errors="0" timestamp="2022-05-10T09:28:15 IST">
  <testcase classname="script.Demo4" name="testB" time="0.013"/>
  <testcase classname="script.ExtentReportExample" name="test_report" time="0.648"/>
  <testcase classname="script.Demo1" name="test1" time="1.755">
    <failure type="java.lang.AssertionError" message="expected [xyz] but found [abcd]">
      <![CDATA[java.lang.AssertionError: expected [xyz] but found [abcd]
at script.Demo1.test1(Demo1.java:25)
at java.base/java.util.ArrayList.forEach(ArrayList.java:1541)
at java.base/java.util.concurrent.FutureTask.run(FutureTask.java:264)
at java.base/java.util.concurrent.ThreadPoolExecutor.runWorker(ThreadPoolExecutor.java:1128)
at java.base/java.util.concurrent.ThreadPoolExecutor$Worker.run(ThreadPoolExecutor.java:628)
at java.base/java.lang.Thread.run(Thread.java:834)
... Removed 24 stack frames]]>
    </failure>
  </testcase> <!-- test1 -->
  <testcase classname="generic.BaseTest" name="@BeforeSuite initReport" time="0.0">
    <ignored/>
  </testcase> <!-- @BeforeSuite initReport -->
  <testcase classname="generic.BaseTest" name="@AfterSuite publishReport" time="0.0">
    <ignored/>
  </testcase> <!-- @AfterSuite publishReport -->
  <testcase classname="script.Demo4" name="testA" time="0.0">
    <ignored/>
  </testcase> <!-- testA -->
  <testcase classname="generic.BaseTest" name="@AfterSuite publishReport" time="0.0">
    <ignored/>
  </testcase> <!-- @AfterSuite publishReport -->
  <testcase classname="script.Demo3" name="test3" time="0.0">
    <ignored/>
  </testcase> <!-- test3 -->
  <testcase classname="script.Demo5" name="testA" time="0.0">
    <ignored/>
  </testcase> <!-- testA -->
  <testcase classname="generic.BaseTest" name="@BeforeSuite initReport" time="0.0">
    <ignored/>
  </testcase> <!-- @BeforeSuite initReport -->
  <testcase classname="script.Demo2" name="test2" time="0.0">
    <ignored/>
  </testcase> <!-- test2 -->
</testsuite> <!-- Test1 -->
